[00:03:46] [ServerMain/INFO]: Environment: Environment[sessionHost=https://sessionserver.mojang.com, servicesHost=https://api.minecraftservices.com, name=PROD]
[00:03:46] [ServerMain/WARN]: Missing data pack fabric
[00:03:46] [ServerMain/WARN]: Missing data pack fabric-convention-tags-v2
[00:03:46] [ServerMain/WARN]: Missing data pack moreculling
[00:03:48] [ServerMain/INFO]: Loaded 1290 recipes
[00:03:48] [ServerMain/INFO]: Loaded 1399 advancements
[00:03:48] [Server thread/INFO]: Starting minecraft server version 1.21
[00:03:48] [Server thread/INFO]: Loading properties
[00:03:48] [Server thread/INFO]: Default game type: SURVIVAL
[00:03:48] [Server thread/INFO]: Generating keypair
[00:03:48] [Server thread/INFO]: Starting Minecraft server on *:25565
[00:03:48] [Server thread/INFO]: Using epoll channel type
[00:03:49] [Server thread/WARN]: **** SERVER IS RUNNING IN OFFLINE/INSECURE MODE!
[00:03:49] [Server thread/WARN]: The server will make no attempt to authenticate usernames. Beware.
[00:03:49] [Server thread/WARN]: While this makes the game possible to play without internet access, it also opens up the ability for hackers to connect with any username they choose.
[00:03:49] [Server thread/WARN]: To change this, set "online-mode" to "true" in the server.properties file.
[00:03:49] [Server thread/INFO]: Preparing level "world"
[00:03:51] [Server thread/INFO]: Preparing start region for dimension minecraft:overworld
[00:03:51] [Worker-Main-2/INFO]: Preparing spawn area: 0%
[00:03:52] [Worker-Main-2/INFO]: Preparing spawn area: 12%
[00:03:52] [Worker-Main-2/INFO]: Preparing spawn area: 12%
[00:03:53] [Worker-Main-2/INFO]: Preparing spawn area: 12%
[00:03:53] [Worker-Main-2/INFO]: Preparing spawn area: 12%
[00:03:54] [Worker-Main-3/INFO]: Preparing spawn area: 12%
[00:03:54] [Worker-Main-1/INFO]: Preparing spawn area: 12%
[00:03:55] [Worker-Main-3/INFO]: Preparing spawn area: 14%
[00:03:55] [Worker-Main-2/INFO]: Preparing spawn area: 30%
[00:03:56] [Worker-Main-1/INFO]: Preparing spawn area: 30%
[00:03:56] [Worker-Main-3/INFO]: Preparing spawn area: 59%
[00:03:57] [Worker-Main-2/INFO]: Preparing spawn area: 59%
[00:03:57] [Worker-Main-2/INFO]: Preparing spawn area: 59%
[00:03:57] [Server thread/INFO]: Time elapsed: 6080 ms
[00:03:57] [Server thread/INFO]: Done (8.572s)! For help, type "help"
[00:04:32] [Server thread/INFO]: Potato_8[/127.103.169.59:33601] logged in with entity id 11 at (-1.5, 70.0, 8.5)
[00:04:32] [Server thread/INFO]: Potato_8 joined the game
[00:04:49] [Server thread/INFO]: Potato_8 lost connection: Disconnected
[00:04:49] [Server thread/INFO]: Potato_8 left the game
[00:04:56] [Server thread/INFO]: Stopping the server
[00:04:56] [Server thread/INFO]: Stopping server
[00:04:56] [Server thread/INFO]: Saving players
[00:04:56] [Server thread/INFO]: Saving worlds
[00:04:56] [Server thread/INFO]: Saving chunks for level 'ServerLevel[tecnic main]'/minecraft:overworld
[00:04:57] [Server thread/INFO]: Saving chunks for level 'ServerLevel[tecnic main]'/minecraft:the_end
[00:04:57] [Server thread/INFO]: Saving chunks for level 'ServerLevel[tecnic main]'/minecraft:the_nether
[00:04:57] [Server thread/INFO]: ThreadedAnvilChunkStorage (world): All chunks are saved
[00:04:57] [Server thread/INFO]: ThreadedAnvilChunkStorage (DIM1): All chunks are saved
[00:04:57] [Server thread/INFO]: ThreadedAnvilChunkStorage (DIM-1): All chunks are saved
[00:04:57] [Server thread/INFO]: ThreadedAnvilChunkStorage: All dimensions are saved
